<?xml version="1.0" encoding="UTF-8"?>
<testsuite xmlns:xsi="http://www.w3.org/2001/XMLSchema-instance" xsi:noNamespaceSchemaLocation="https://maven.apache.org/surefire/maven-surefire-plugin/xsd/surefire-test-report-3.0.xsd" version="3.0" name="com.hodvidar.carrace.controller.RaceControllerTest" time="5.549" tests="3" errors="0" skipped="0" failures="0">
  <properties>
[...]
</properties>
  <testcase name="getAllRaces" classname="com.hodvidar.carrace.controller.RaceControllerTest" time="0.464">
    <system-out><![CDATA[23:43:28.525 [main] INFO org.springframework.test.context.support.AnnotationConfigContextLoaderUtils -- Could not detect default configuration classes for test class [com.hodvidar.carrace.controller.RaceControllerTest]: RaceControllerTest does not declare any static, non-private, non-final, nested classes annotated with @Configuration.
23:43:28.753 [main] INFO org.springframework.boot.test.context.SpringBootTestContextBootstrapper -- Found @SpringBootConfiguration com.hodvidar.carrace.RaceCarApplication for test class com.hodvidar.carrace.controller.RaceControllerTest

  .   ____          _            __ _ _
 /\\ / ___'_ __ _ _(_)_ __  __ _ \ \ \ \
( ( )\___ | '_ | '_| | '_ \/ _` | \ \ \ \
 \\/  ___)| |_)| | | | | || (_| |  ) ) ) )
  '  |____| .__|_| |_|_| |_\__, | / / / /
 =========|_|==============|___/=/_/_/_/
 :: Spring Boot ::                (v3.1.4)

2023-10-29T23:43:29.336+01:00  INFO 27496 --- [           main] c.h.c.controller.RaceControllerTest      : Starting RaceControllerTest using Java 17.0.9 with PID 27496 (started by achil in D:\w\CarRace)
2023-10-29T23:43:29.337+01:00  INFO 27496 --- [           main] c.h.c.controller.RaceControllerTest      : The following 1 profile is active: "test"
2023-10-29T23:43:29.374+01:00 TRACE 27496 --- [           main] o.s.w.c.s.GenericWebApplicationContext   : Refreshing org.springframework.web.context.support.GenericWebApplicationContext@4d666b41, started on Sun Oct 29 23:43:29 CET 2023
2023-10-29T23:43:31.804+01:00 TRACE 27496 --- [           main] o.s.w.c.s.GenericWebApplicationContext   : No 'messageSource' bean, using [Empty MessageSource]
2023-10-29T23:43:31.805+01:00 TRACE 27496 --- [           main] o.s.w.c.s.GenericWebApplicationContext   : No 'applicationEventMulticaster' bean, using [SimpleApplicationEventMulticaster]
2023-10-29T23:43:32.210+01:00 DEBUG 27496 --- [           main] s.w.s.m.m.a.RequestMappingHandlerAdapter : ControllerAdvice beans: 0 @ModelAttribute, 0 @InitBinder, 1 RequestBodyAdvice, 1 ResponseBodyAdvice
2023-10-29T23:43:32.384+01:00 TRACE 27496 --- [           main] s.w.s.m.m.a.RequestMappingHandlerMapping : 
	c.h.c.c.RaceController:
	{GET [/api/races]}: getAllRaces()
	{POST [/api/races]}: createRace(RaceDto)
	{GET [/api/races/{id}]}: getRace(Long)
2023-10-29T23:43:32.391+01:00 TRACE 27496 --- [           main] s.w.s.m.m.a.RequestMappingHandlerMapping : 
	o.s.b.a.w.s.e.BasicErrorController:
	{ [/error]}: error(HttpServletRequest)
	{ [/error], produces [text/html]}: errorHtml(HttpServletRequest,HttpServletResponse)
2023-10-29T23:43:32.396+01:00 DEBUG 27496 --- [           main] s.w.s.m.m.a.RequestMappingHandlerMapping : 5 mappings in 'requestMappingHandlerMapping'
2023-10-29T23:43:32.404+01:00 DEBUG 27496 --- [           main] o.s.w.s.h.BeanNameUrlHandlerMapping      : Detected 0 mappings in 'beanNameHandlerMapping'
2023-10-29T23:43:32.410+01:00 TRACE 27496 --- [           main] o.s.w.s.f.support.RouterFunctionMapping  : 0 RouterFunction(s) in 'routerFunctionMapping'
2023-10-29T23:43:32.431+01:00 TRACE 27496 --- [           main] o.s.w.s.handler.SimpleUrlHandlerMapping  : Mapped [/webjars/**] onto ResourceHttpRequestHandler [classpath [META-INF/resources/webjars/]]
2023-10-29T23:43:32.432+01:00 TRACE 27496 --- [           main] o.s.w.s.handler.SimpleUrlHandlerMapping  : Mapped [/**] onto ResourceHttpRequestHandler [classpath [META-INF/resources/], classpath [resources/], classpath [static/], classpath [public/], ServletContext [/]]
2023-10-29T23:43:32.433+01:00 DEBUG 27496 --- [           main] o.s.w.s.handler.SimpleUrlHandlerMapping  : Patterns [/webjars/**, /**] in 'resourceHandlerMapping'
2023-10-29T23:43:32.460+01:00 DEBUG 27496 --- [           main] .m.m.a.ExceptionHandlerExceptionResolver : ControllerAdvice beans: 1 @ExceptionHandler, 1 ResponseBodyAdvice
2023-10-29T23:43:32.546+01:00  WARN 27496 --- [           main] .s.s.UserDetailsServiceAutoConfiguration : 

Using generated security password: 155ceafd-71d4-4a29-aad9-0e3f2ad58963

This generated password is for development use only. Your security configuration must be updated before running your application in production.

2023-10-29T23:43:32.786+01:00  INFO 27496 --- [           main] o.s.s.web.DefaultSecurityFilterChain     : Will secure any request with [org.springframework.security.web.session.DisableEncodeUrlFilter@3dc46f24, org.springframework.security.web.context.request.async.WebAsyncManagerIntegrationFilter@76af34b5, org.springframework.security.web.context.SecurityContextHolderFilter@28831d69, org.springframework.security.web.header.HeaderWriterFilter@699e0bf0, org.springframework.security.web.csrf.CsrfFilter@7c3c453b, org.springframework.security.web.authentication.logout.LogoutFilter@734a149a, org.springframework.security.web.authentication.UsernamePasswordAuthenticationFilter@7db791df, org.springframework.security.web.authentication.ui.DefaultLoginPageGeneratingFilter@49e479da, org.springframework.security.web.authentication.ui.DefaultLogoutPageGeneratingFilter@3313463c, org.springframework.security.web.authentication.www.BasicAuthenticationFilter@790654d5, org.springframework.security.web.savedrequest.RequestCacheAwareFilter@58e03769, org.springframework.security.web.servletapi.SecurityContextHolderAwareRequestFilter@58739e5e, org.springframework.security.web.authentication.AnonymousAuthenticationFilter@9c0d0bd, org.springframework.security.web.access.ExceptionTranslationFilter@12e007be, org.springframework.security.web.access.intercept.AuthorizationFilter@690df641]
2023-10-29T23:43:32.854+01:00 TRACE 27496 --- [           main] o.s.b.w.s.ServletContextInitializerBeans : Added existing Filter initializer bean 'securityFilterChainRegistration'; order=-100, resource=class path resource [org/springframework/boot/autoconfigure/security/servlet/SecurityFilterAutoConfiguration.class]
2023-10-29T23:43:32.857+01:00 TRACE 27496 --- [           main] o.s.b.w.s.ServletContextInitializerBeans : Created Filter initializer for bean 'characterEncodingFilter'; order=-2147483648, resource=class path resource [org/springframework/boot/autoconfigure/web/servlet/HttpEncodingAutoConfiguration.class]
2023-10-29T23:43:32.857+01:00 TRACE 27496 --- [           main] o.s.b.w.s.ServletContextInitializerBeans : Created Filter initializer for bean 'formContentFilter'; order=-9900, resource=class path resource [org/springframework/boot/autoconfigure/web/servlet/WebMvcAutoConfiguration.class]
2023-10-29T23:43:32.857+01:00 TRACE 27496 --- [           main] o.s.b.w.s.ServletContextInitializerBeans : Created Filter initializer for bean 'requestContextFilter'; order=-105, resource=class path resource [org/springframework/boot/autoconfigure/web/servlet/WebMvcAutoConfiguration$WebMvcAutoConfigurationAdapter.class]
2023-10-29T23:43:32.859+01:00 DEBUG 27496 --- [           main] o.s.b.w.s.ServletContextInitializerBeans : Mapping filters: springSecurityFilterChain urls=[/*] order=-100, characterEncodingFilter urls=[/*] order=-2147483648, formContentFilter urls=[/*] order=-9900, requestContextFilter urls=[/*] order=-105
2023-10-29T23:43:32.860+01:00 DEBUG 27496 --- [           main] o.s.b.w.s.ServletContextInitializerBeans : Mapping servlets: 
2023-10-29T23:43:32.925+01:00  INFO 27496 --- [           main] o.s.b.t.m.w.SpringBootMockServletContext : Initializing Spring TestDispatcherServlet ''
2023-10-29T23:43:32.926+01:00  INFO 27496 --- [           main] o.s.t.web.servlet.TestDispatcherServlet  : Initializing Servlet ''
2023-10-29T23:43:32.928+01:00  INFO 27496 --- [           main] o.s.t.web.servlet.TestDispatcherServlet  : Completed initialization in 2 ms
2023-10-29T23:43:32.955+01:00 TRACE 27496 --- [           main] o.s.w.c.s.GenericWebApplicationContext   : No 'lifecycleProcessor' bean, using [DefaultLifecycleProcessor]
2023-10-29T23:43:32.972+01:00  INFO 27496 --- [           main] c.h.c.controller.RaceControllerTest      : Started RaceControllerTest in 4.093 seconds (process running for 5.632)
2023-10-29T23:43:33.113+01:00 DEBUG 27496 --- [           main] w.c.HttpSessionSecurityContextRepository : Created HttpSession as SecurityContext is non-default
2023-10-29T23:43:33.114+01:00 DEBUG 27496 --- [           main] w.c.HttpSessionSecurityContextRepository : Stored SecurityContextImpl [Authentication=UsernamePasswordAuthenticationToken [Principal=org.springframework.security.core.userdetails.User [Username=user, Password=[PROTECTED], Enabled=true, AccountNonExpired=true, credentialsNonExpired=true, AccountNonLocked=true, Granted Authorities=[ROLE_USER]], Credentials=[PROTECTED], Authenticated=true, Details=null, Granted Authorities=[ROLE_USER]]] to HttpSession [org.springframework.mock.web.MockHttpSession@4ad1a276]
2023-10-29T23:43:33.119+01:00 DEBUG 27496 --- [           main] o.s.security.web.FilterChainProxy        : Securing GET /api/races
2023-10-29T23:43:33.129+01:00 DEBUG 27496 --- [           main] w.c.HttpSessionSecurityContextRepository : Retrieved SecurityContextImpl [Authentication=UsernamePasswordAuthenticationToken [Principal=org.springframework.security.core.userdetails.User [Username=user, Password=[PROTECTED], Enabled=true, AccountNonExpired=true, credentialsNonExpired=true, AccountNonLocked=true, Granted Authorities=[ROLE_USER]], Credentials=[PROTECTED], Authenticated=true, Details=null, Granted Authorities=[ROLE_USER]]]
2023-10-29T23:43:33.130+01:00 DEBUG 27496 --- [           main] o.s.security.web.FilterChainProxy        : Secured GET /api/races
2023-10-29T23:43:33.146+01:00 TRACE 27496 --- [           main] s.w.s.m.m.a.RequestMappingHandlerMapping : Mapped to com.hodvidar.carrace.controller.RaceController#getAllRaces()
2023-10-29T23:43:33.162+01:00 TRACE 27496 --- [           main] o.s.web.method.HandlerMethod             : Arguments: []
2023-10-29T23:43:33.184+01:00 DEBUG 27496 --- [           main] m.m.a.RequestResponseBodyMethodProcessor : Using 'application/json', given [*/*] and supported [application/json, application/*+json]
2023-10-29T23:43:33.196+01:00 TRACE 27496 --- [           main] m.m.a.RequestResponseBodyMethodProcessor : Writing [[RaceDto[id=100, location=Paris, date=2023-10-28, uniqueNumber=115, participants=[ParticipantDto[id=10, name=Test, number=1]]], RaceDto[id=200, location=London, date=2023-10-29, uniqueNumber=225, participants=[ParticipantDto[id=20, name=Test2, number=1]]]]]
]]></system-out>
  </testcase>
  <testcase name="getRace" classname="com.hodvidar.carrace.controller.RaceControllerTest" time="0.036">
    <system-out><![CDATA[2023-10-29T23:43:33.465+01:00 DEBUG 27496 --- [           main] w.c.HttpSessionSecurityContextRepository : Created HttpSession as SecurityContext is non-default
2023-10-29T23:43:33.465+01:00 DEBUG 27496 --- [           main] w.c.HttpSessionSecurityContextRepository : Stored SecurityContextImpl [Authentication=UsernamePasswordAuthenticationToken [Principal=org.springframework.security.core.userdetails.User [Username=user, Password=[PROTECTED], Enabled=true, AccountNonExpired=true, credentialsNonExpired=true, AccountNonLocked=true, Granted Authorities=[ROLE_USER]], Credentials=[PROTECTED], Authenticated=true, Details=null, Granted Authorities=[ROLE_USER]]] to HttpSession [org.springframework.mock.web.MockHttpSession@3add5e17]
2023-10-29T23:43:33.465+01:00 DEBUG 27496 --- [           main] o.s.security.web.FilterChainProxy        : Securing GET /api/races/1
2023-10-29T23:43:33.466+01:00 DEBUG 27496 --- [           main] w.c.HttpSessionSecurityContextRepository : Retrieved SecurityContextImpl [Authentication=UsernamePasswordAuthenticationToken [Principal=org.springframework.security.core.userdetails.User [Username=user, Password=[PROTECTED], Enabled=true, AccountNonExpired=true, credentialsNonExpired=true, AccountNonLocked=true, Granted Authorities=[ROLE_USER]], Credentials=[PROTECTED], Authenticated=true, Details=null, Granted Authorities=[ROLE_USER]]]
2023-10-29T23:43:33.466+01:00 DEBUG 27496 --- [           main] o.s.security.web.FilterChainProxy        : Secured GET /api/races/1
2023-10-29T23:43:33.467+01:00 TRACE 27496 --- [           main] s.w.s.m.m.a.RequestMappingHandlerMapping : Mapped to com.hodvidar.carrace.controller.RaceController#getRace(Long)
2023-10-29T23:43:33.480+01:00 TRACE 27496 --- [           main] o.s.web.method.HandlerMethod             : Arguments: [1]
2023-10-29T23:43:33.489+01:00 DEBUG 27496 --- [           main] m.m.a.RequestResponseBodyMethodProcessor : Using 'application/json', given [*/*] and supported [application/json, application/*+json]
2023-10-29T23:43:33.489+01:00 TRACE 27496 --- [           main] m.m.a.RequestResponseBodyMethodProcessor : Writing [RaceDto[id=100, location=Paris, date=2023-10-28, uniqueNumber=115, participants=[ParticipantDto[id=10, name=Test, number=1]]]]
]]></system-out>
  </testcase>
  <testcase name="createRaceTest" classname="com.hodvidar.carrace.controller.RaceControllerTest" time="0.251">
    <system-out><![CDATA[2023-10-29T23:43:33.510+01:00 DEBUG 27496 --- [           main] w.c.HttpSessionSecurityContextRepository : Created HttpSession as SecurityContext is non-default
2023-10-29T23:43:33.510+01:00 DEBUG 27496 --- [           main] w.c.HttpSessionSecurityContextRepository : Stored SecurityContextImpl [Authentication=UsernamePasswordAuthenticationToken [Principal=org.springframework.security.core.userdetails.User [Username=user, Password=[PROTECTED], Enabled=true, AccountNonExpired=true, credentialsNonExpired=true, AccountNonLocked=true, Granted Authorities=[ROLE_USER]], Credentials=[PROTECTED], Authenticated=true, Details=null, Granted Authorities=[ROLE_USER]]] to HttpSession [org.springframework.mock.web.MockHttpSession@11cc9e1e]
2023-10-29T23:43:33.514+01:00 DEBUG 27496 --- [           main] o.s.security.web.FilterChainProxy        : Securing POST /api/races
2023-10-29T23:43:33.516+01:00 DEBUG 27496 --- [           main] w.c.HttpSessionSecurityContextRepository : Retrieved SecurityContextImpl [Authentication=UsernamePasswordAuthenticationToken [Principal=org.springframework.security.core.userdetails.User [Username=user, Password=[PROTECTED], Enabled=true, AccountNonExpired=true, credentialsNonExpired=true, AccountNonLocked=true, Granted Authorities=[ROLE_USER]], Credentials=[PROTECTED], Authenticated=true, Details=null, Granted Authorities=[ROLE_USER]]]
2023-10-29T23:43:33.516+01:00 DEBUG 27496 --- [           main] o.s.security.web.FilterChainProxy        : Secured POST /api/races
2023-10-29T23:43:33.517+01:00 TRACE 27496 --- [           main] s.w.s.m.m.a.RequestMappingHandlerMapping : Mapped to com.hodvidar.carrace.controller.RaceController#createRace(RaceDto)
2023-10-29T23:43:33.561+01:00 TRACE 27496 --- [           main] m.m.a.RequestResponseBodyMethodProcessor : Read "application/json;charset=UTF-8" to [RaceDto[id=null, location=Monaco, date=2023-11-15, uniqueNumber=101, participants=[ParticipantDto[id=null, name=Test Participant 1, number=1], ParticipantDto[id=null, name=Test Participant 2, number=2], ParticipantDto[id=null, name=Test Participant 3, number=3]]]]
2023-10-29T23:43:33.734+01:00 TRACE 27496 --- [           main] o.s.web.method.HandlerMethod             : Arguments: [RaceDto[id=null, location=Monaco, date=2023-11-15, uniqueNumber=101, participants=[ParticipantDto[id=null, name=Test Participant 1, number=1], ParticipantDto[id=null, name=Test Participant 2, number=2], ParticipantDto[id=null, name=Test Participant 3, number=3]]]]
2023-10-29T23:43:33.738+01:00 DEBUG 27496 --- [           main] o.s.w.s.m.m.a.HttpEntityMethodProcessor  : Using 'application/json', given [*/*] and supported [application/json, application/*+json]
2023-10-29T23:43:33.740+01:00 TRACE 27496 --- [           main] o.s.w.s.m.m.a.HttpEntityMethodProcessor  : Writing [RaceDto[id=1, location=Monaco, date=2023-11-15, uniqueNumber=101, participants=[ParticipantDto[id=1, name=Test Participant 1, number=1], ParticipantDto[id=2, name=Test Participant 2, number=2], ParticipantDto[id=3, name=Test Participant 3, number=3]]]]
]]></system-out>
  </testcase>
</testsuite>