<?xml version="1.0" encoding="UTF-8"?>
<testsuite xmlns:xsi="http://www.w3.org/2001/XMLSchema-instance" xsi:noNamespaceSchemaLocation="https://maven.apache.org/surefire/maven-surefire-plugin/xsd/surefire-test-report-3.0.xsd" version="3.0" name="com.hodvidar.carrace.RaceCarApplicationTests" time="5.587" tests="1" errors="0" skipped="0" failures="0">
  <properties>
[...]
</properties>
  <testcase name="contextLoads" classname="com.hodvidar.carrace.RaceCarApplicationTests" time="0.01">
    <system-out><![CDATA[2023-10-29T23:43:33.762+01:00  INFO 27496 --- [           main] t.c.s.AnnotationConfigContextLoaderUtils : Could not detect default configuration classes for test class [com.hodvidar.carrace.RaceCarApplicationTests]: RaceCarApplicationTests does not declare any static, non-private, non-final, nested classes annotated with @Configuration.
2023-10-29T23:43:33.778+01:00  INFO 27496 --- [           main] .b.t.c.SpringBootTestContextBootstrapper : Found @SpringBootConfiguration com.hodvidar.carrace.RaceCarApplication for test class com.hodvidar.carrace.RaceCarApplicationTests

  .   ____          _            __ _ _
 /\\ / ___'_ __ _ _(_)_ __  __ _ \ \ \ \
( ( )\___ | '_ | '_| | '_ \/ _` | \ \ \ \
 \\/  ___)| |_)| | | | | || (_| |  ) ) ) )
  '  |____| .__|_| |_|_| |_\__, | / / / /
 =========|_|==============|___/=/_/_/_/
 :: Spring Boot ::                (v3.1.4)

2023-10-29T23:43:33.914+01:00  INFO 27496 --- [           main] c.h.carrace.RaceCarApplicationTests      : Starting RaceCarApplicationTests using Java 17.0.9 with PID 27496 (started by achil in D:\w\CarRace)
2023-10-29T23:43:33.914+01:00  INFO 27496 --- [           main] c.h.carrace.RaceCarApplicationTests      : The following 1 profile is active: "test"
2023-10-29T23:43:33.919+01:00 TRACE 27496 --- [           main] o.s.w.c.s.GenericWebApplicationContext   : Refreshing org.springframework.web.context.support.GenericWebApplicationContext@2ecdcfe3, started on Sun Oct 29 23:43:33 CET 2023
2023-10-29T23:43:34.902+01:00  INFO 27496 --- [           main] .s.d.r.c.RepositoryConfigurationDelegate : Bootstrapping Spring Data JPA repositories in DEFAULT mode.
2023-10-29T23:43:34.992+01:00  INFO 27496 --- [           main] .s.d.r.c.RepositoryConfigurationDelegate : Finished Spring Data repository scanning in 63 ms. Found 2 JPA repository interfaces.
2023-10-29T23:43:35.264+01:00 TRACE 27496 --- [           main] o.s.w.c.s.GenericWebApplicationContext   : No 'messageSource' bean, using [Empty MessageSource]
2023-10-29T23:43:35.265+01:00 TRACE 27496 --- [           main] o.s.w.c.s.GenericWebApplicationContext   : No 'applicationEventMulticaster' bean, using [SimpleApplicationEventMulticaster]
2023-10-29T23:43:35.399+01:00  INFO 27496 --- [           main] com.zaxxer.hikari.HikariDataSource       : HikariPool-1 - Starting...
2023-10-29T23:43:35.686+01:00  INFO 27496 --- [           main] com.zaxxer.hikari.pool.HikariPool        : HikariPool-1 - Added connection conn0: url=jdbc:h2:mem:testdb user=SA
2023-10-29T23:43:35.688+01:00  INFO 27496 --- [           main] com.zaxxer.hikari.HikariDataSource       : HikariPool-1 - Start completed.
2023-10-29T23:43:35.769+01:00  INFO 27496 --- [           main] liquibase.database                       : Set default schema name to PUBLIC
2023-10-29T23:43:36.272+01:00  INFO 27496 --- [           main] liquibase.changelog                      : Creating database history table with name: PUBLIC.DATABASECHANGELOG
2023-10-29T23:43:36.408+01:00  INFO 27496 --- [           main] liquibase.changelog                      : Reading from PUBLIC.DATABASECHANGELOG
2023-10-29T23:43:36.521+01:00  INFO 27496 --- [           main] liquibase.lockservice                    : Successfully acquired change log lock
2023-10-29T23:43:36.522+01:00  INFO 27496 --- [           main] liquibase.command                        : Using deploymentId: 8619416522
2023-10-29T23:43:36.524+01:00  INFO 27496 --- [           main] liquibase.changelog                      : Reading from PUBLIC.DATABASECHANGELOG
Running Changeset: db/changelog/db.changelog-master.xml::1::Achille Genet
2023-10-29T23:43:36.570+01:00  INFO 27496 --- [           main] liquibase.changelog                      : Table races created
2023-10-29T23:43:36.573+01:00  INFO 27496 --- [           main] liquibase.changelog                      : Unique constraint added to races(date, unique_number)
2023-10-29T23:43:36.582+01:00  INFO 27496 --- [           main] liquibase.changelog                      : Table participants created
2023-10-29T23:43:36.583+01:00  INFO 27496 --- [           main] liquibase.changelog                      : ChangeSet db/changelog/db.changelog-master.xml::1::Achille Genet ran successfully in 22ms
2023-10-29T23:43:36.593+01:00  INFO 27496 --- [           main] liquibase.util                           : UPDATE SUMMARY
2023-10-29T23:43:36.594+01:00  INFO 27496 --- [           main] liquibase.util                           : Run:                          1
2023-10-29T23:43:36.594+01:00  INFO 27496 --- [           main] liquibase.util                           : Previously run:               0
2023-10-29T23:43:36.594+01:00  INFO 27496 --- [           main] liquibase.util                           : Filtered out:                 0
2023-10-29T23:43:36.594+01:00  INFO 27496 --- [           main] liquibase.util                           : -------------------------------
2023-10-29T23:43:36.594+01:00  INFO 27496 --- [           main] liquibase.util                           : Total change sets:            1
2023-10-29T23:43:36.594+01:00  INFO 27496 --- [           main] liquibase.util                           : Update summary generated
2023-10-29T23:43:36.596+01:00  INFO 27496 --- [           main] liquibase.command                        : Update command completed successfully.
Liquibase: Update has been successful. Rows affected: 1
2023-10-29T23:43:36.599+01:00  INFO 27496 --- [           main] liquibase.lockservice                    : Successfully released change log lock
2023-10-29T23:43:36.599+01:00  INFO 27496 --- [           main] liquibase.command                        : Command execution complete
2023-10-29T23:43:36.683+01:00  INFO 27496 --- [           main] o.hibernate.jpa.internal.util.LogHelper  : HHH000204: Processing PersistenceUnitInfo [name: default]
2023-10-29T23:43:36.766+01:00  INFO 27496 --- [           main] org.hibernate.Version                    : HHH000412: Hibernate ORM core version 6.2.9.Final
2023-10-29T23:43:36.768+01:00  INFO 27496 --- [           main] org.hibernate.cfg.Environment            : HHH000406: Using bytecode reflection optimizer
2023-10-29T23:43:36.940+01:00  INFO 27496 --- [           main] o.h.b.i.BytecodeProviderInitiator        : HHH000021: Bytecode provider name : bytebuddy
2023-10-29T23:43:36.951+01:00  INFO 27496 --- [           main] o.s.o.j.p.SpringPersistenceUnitInfo      : No LoadTimeWeaver setup: ignoring JPA class transformer
2023-10-29T23:43:37.225+01:00  INFO 27496 --- [           main] o.h.b.i.BytecodeProviderInitiator        : HHH000021: Bytecode provider name : bytebuddy
2023-10-29T23:43:37.760+01:00  INFO 27496 --- [           main] o.h.e.t.j.p.i.JtaPlatformInitiator       : HHH000490: Using JtaPlatform implementation: [org.hibernate.engine.transaction.jta.platform.internal.NoJtaPlatform]
2023-10-29T23:43:37.792+01:00  INFO 27496 --- [           main] j.LocalContainerEntityManagerFactoryBean : Initialized JPA EntityManagerFactory for persistence unit 'default'
2023-10-29T23:43:38.129+01:00  INFO 27496 --- [           main] o.a.k.clients.producer.ProducerConfig    : ProducerConfig values: 
	acks = -1
	auto.include.jmx.reporter = true
	batch.size = 16384
	bootstrap.servers = [localhost:9092]
	buffer.memory = 33554432
	client.dns.lookup = use_all_dns_ips
	client.id = producer-1
	compression.type = none
	connections.max.idle.ms = 540000
	delivery.timeout.ms = 120000
	enable.idempotence = true
	interceptor.classes = []
	key.serializer = class org.apache.kafka.common.serialization.StringSerializer
	linger.ms = 0
	max.block.ms = 60000
	max.in.flight.requests.per.connection = 5
	max.request.size = 1048576
	metadata.max.age.ms = 300000
	metadata.max.idle.ms = 300000
	metric.reporters = []
	metrics.num.samples = 2
	metrics.recording.level = INFO
	metrics.sample.window.ms = 30000
	partitioner.adaptive.partitioning.enable = true
	partitioner.availability.timeout.ms = 0
	partitioner.class = null
	partitioner.ignore.keys = false
	receive.buffer.bytes = 32768
	reconnect.backoff.max.ms = 1000
	reconnect.backoff.ms = 50
	request.timeout.ms = 30000
	retries = 2147483647
	retry.backoff.ms = 100
	sasl.client.callback.handler.class = null
	sasl.jaas.config = null
	sasl.kerberos.kinit.cmd = /usr/bin/kinit
	sasl.kerberos.min.time.before.relogin = 60000
	sasl.kerberos.service.name = null
	sasl.kerberos.ticket.renew.jitter = 0.05
	sasl.kerberos.ticket.renew.window.factor = 0.8
	sasl.login.callback.handler.class = null
	sasl.login.class = null
	sasl.login.connect.timeout.ms = null
	sasl.login.read.timeout.ms = null
	sasl.login.refresh.buffer.seconds = 300
	sasl.login.refresh.min.period.seconds = 60
	sasl.login.refresh.window.factor = 0.8
	sasl.login.refresh.window.jitter = 0.05
	sasl.login.retry.backoff.max.ms = 10000
	sasl.login.retry.backoff.ms = 100
	sasl.mechanism = GSSAPI
	sasl.oauthbearer.clock.skew.seconds = 30
	sasl.oauthbearer.expected.audience = null
	sasl.oauthbearer.expected.issuer = null
	sasl.oauthbearer.jwks.endpoint.refresh.ms = 3600000
	sasl.oauthbearer.jwks.endpoint.retry.backoff.max.ms = 10000
	sasl.oauthbearer.jwks.endpoint.retry.backoff.ms = 100
	sasl.oauthbearer.jwks.endpoint.url = null
	sasl.oauthbearer.scope.claim.name = scope
	sasl.oauthbearer.sub.claim.name = sub
	sasl.oauthbearer.token.endpoint.url = null
	security.protocol = PLAINTEXT
	security.providers = null
	send.buffer.bytes = 131072
	socket.connection.setup.timeout.max.ms = 30000
	socket.connection.setup.timeout.ms = 10000
	ssl.cipher.suites = null
	ssl.enabled.protocols = [TLSv1.2, TLSv1.3]
	ssl.endpoint.identification.algorithm = https
	ssl.engine.factory.class = null
	ssl.key.password = null
	ssl.keymanager.algorithm = SunX509
	ssl.keystore.certificate.chain = null
	ssl.keystore.key = null
	ssl.keystore.location = null
	ssl.keystore.password = null
	ssl.keystore.type = JKS
	ssl.protocol = TLSv1.3
	ssl.provider = null
	ssl.secure.random.implementation = null
	ssl.trustmanager.algorithm = PKIX
	ssl.truststore.certificates = null
	ssl.truststore.location = null
	ssl.truststore.password = null
	ssl.truststore.type = JKS
	transaction.timeout.ms = 60000
	transactional.id = null
	value.serializer = class org.apache.kafka.common.serialization.StringSerializer

2023-10-29T23:43:38.224+01:00  INFO 27496 --- [           main] o.a.k.clients.producer.KafkaProducer     : [Producer clientId=producer-1] Instantiated an idempotent producer.
2023-10-29T23:43:38.301+01:00  INFO 27496 --- [           main] o.a.kafka.common.utils.AppInfoParser     : Kafka version: 3.6.0
2023-10-29T23:43:38.301+01:00  INFO 27496 --- [           main] o.a.kafka.common.utils.AppInfoParser     : Kafka commitId: 60e845626d8a465a
2023-10-29T23:43:38.301+01:00  INFO 27496 --- [           main] o.a.kafka.common.utils.AppInfoParser     : Kafka startTimeMs: 1698619418298
2023-10-29T23:43:38.485+01:00  WARN 27496 --- [           main] JpaBaseConfiguration$JpaWebConfiguration : spring.jpa.open-in-view is enabled by default. Therefore, database queries may be performed during view rendering. Explicitly configure spring.jpa.open-in-view to disable this warning
2023-10-29T23:43:38.494+01:00  WARN 27496 --- [           main] o.s.security.core.userdetails.User       : User.withDefaultPasswordEncoder() is considered unsafe for production and is only intended for sample applications.
2023-10-29T23:43:38.703+01:00  INFO 27496 --- [           main] o.s.s.web.DefaultSecurityFilterChain     : Will secure any request with [org.springframework.security.web.session.DisableEncodeUrlFilter@263fc5f3, org.springframework.security.web.context.request.async.WebAsyncManagerIntegrationFilter@6d1101eb, org.springframework.security.web.context.SecurityContextHolderFilter@11b975cc, org.springframework.security.web.header.HeaderWriterFilter@620bab73, org.springframework.security.web.authentication.logout.LogoutFilter@66f965a, org.springframework.security.web.authentication.www.BasicAuthenticationFilter@5c18556c, org.springframework.security.web.savedrequest.RequestCacheAwareFilter@4d3a7025, org.springframework.security.web.servletapi.SecurityContextHolderAwareRequestFilter@634de03e, org.springframework.security.web.authentication.AnonymousAuthenticationFilter@28089256, org.springframework.security.web.access.ExceptionTranslationFilter@7bdab06c, org.springframework.security.web.access.intercept.AuthorizationFilter@140a2add]
2023-10-29T23:43:38.750+01:00  INFO 27496 --- [ad | producer-1] org.apache.kafka.clients.NetworkClient   : [Producer clientId=producer-1] Node -1 disconnected.
2023-10-29T23:43:38.753+01:00  WARN 27496 --- [ad | producer-1] org.apache.kafka.clients.NetworkClient   : [Producer clientId=producer-1] Connection to node -1 (localhost/127.0.0.1:9092) could not be established. Broker may not be available.
2023-10-29T23:43:38.753+01:00  WARN 27496 --- [ad | producer-1] org.apache.kafka.clients.NetworkClient   : [Producer clientId=producer-1] Bootstrap broker localhost:9092 (id: -1 rack: null) disconnected
2023-10-29T23:43:38.862+01:00  INFO 27496 --- [ad | producer-1] org.apache.kafka.clients.NetworkClient   : [Producer clientId=producer-1] Node -1 disconnected.
2023-10-29T23:43:38.862+01:00  WARN 27496 --- [ad | producer-1] org.apache.kafka.clients.NetworkClient   : [Producer clientId=producer-1] Connection to node -1 (localhost/127.0.0.1:9092) could not be established. Broker may not be available.
2023-10-29T23:43:38.862+01:00  WARN 27496 --- [ad | producer-1] org.apache.kafka.clients.NetworkClient   : [Producer clientId=producer-1] Bootstrap broker localhost:9092 (id: -1 rack: null) disconnected
2023-10-29T23:43:38.910+01:00 DEBUG 27496 --- [           main] s.w.s.m.m.a.RequestMappingHandlerAdapter : ControllerAdvice beans: 0 @ModelAttribute, 0 @InitBinder, 1 RequestBodyAdvice, 1 ResponseBodyAdvice
2023-10-29T23:43:38.937+01:00 TRACE 27496 --- [           main] s.w.s.m.m.a.RequestMappingHandlerMapping : 
	c.h.c.c.RaceController:
	{GET [/api/races]}: getAllRaces()
	{POST [/api/races]}: createRace(RaceDto)
	{GET [/api/races/{id}]}: getRace(Long)
2023-10-29T23:43:38.939+01:00 TRACE 27496 --- [           main] s.w.s.m.m.a.RequestMappingHandlerMapping : 
	o.s.b.a.w.s.e.BasicErrorController:
	{ [/error]}: error(HttpServletRequest)
	{ [/error], produces [text/html]}: errorHtml(HttpServletRequest,HttpServletResponse)
2023-10-29T23:43:38.962+01:00 TRACE 27496 --- [           main] s.w.s.m.m.a.RequestMappingHandlerMapping : 
	o.s.w.a.OpenApiWebMvcResource:
	{GET [/v3/api-docs.yaml], produces [application/vnd.oai.openapi]}: openapiYaml(HttpServletRequest,String,Locale)
	{GET [/v3/api-docs], produces [application/json]}: openapiJson(HttpServletRequest,String,Locale)
2023-10-29T23:43:38.963+01:00 TRACE 27496 --- [           main] s.w.s.m.m.a.RequestMappingHandlerMapping : 
	o.s.w.u.SwaggerWelcomeWebMvc:
	{GET [/swagger-ui.html]}: redirectToUi(HttpServletRequest)
2023-10-29T23:43:38.965+01:00 TRACE 27496 --- [           main] s.w.s.m.m.a.RequestMappingHandlerMapping : 
	o.s.w.u.SwaggerConfigResource:
	{GET [/v3/api-docs/swagger-config], produces [application/json]}: openapiJson(HttpServletRequest)
2023-10-29T23:43:38.966+01:00 DEBUG 27496 --- [           main] s.w.s.m.m.a.RequestMappingHandlerMapping : 9 mappings in 'requestMappingHandlerMapping'
2023-10-29T23:43:38.972+01:00  INFO 27496 --- [ad | producer-1] org.apache.kafka.clients.NetworkClient   : [Producer clientId=producer-1] Node -1 disconnected.
2023-10-29T23:43:38.972+01:00  WARN 27496 --- [ad | producer-1] org.apache.kafka.clients.NetworkClient   : [Producer clientId=producer-1] Connection to node -1 (localhost/127.0.0.1:9092) could not be established. Broker may not be available.
2023-10-29T23:43:38.972+01:00  WARN 27496 --- [ad | producer-1] org.apache.kafka.clients.NetworkClient   : [Producer clientId=producer-1] Bootstrap broker localhost:9092 (id: -1 rack: null) disconnected
2023-10-29T23:43:38.977+01:00 DEBUG 27496 --- [           main] o.s.w.s.h.BeanNameUrlHandlerMapping      : Detected 0 mappings in 'beanNameHandlerMapping'
2023-10-29T23:43:38.985+01:00 TRACE 27496 --- [           main] o.s.w.s.f.support.RouterFunctionMapping  : 0 RouterFunction(s) in 'routerFunctionMapping'
2023-10-29T23:43:38.994+01:00 TRACE 27496 --- [           main] o.s.w.s.handler.SimpleUrlHandlerMapping  : Mapped [/webjars/**] onto ResourceHttpRequestHandler [classpath [META-INF/resources/webjars/]]
2023-10-29T23:43:38.994+01:00 TRACE 27496 --- [           main] o.s.w.s.handler.SimpleUrlHandlerMapping  : Mapped [/**] onto ResourceHttpRequestHandler [classpath [META-INF/resources/], classpath [resources/], classpath [static/], classpath [public/], ServletContext [/]]
2023-10-29T23:43:38.995+01:00 TRACE 27496 --- [           main] o.s.w.s.handler.SimpleUrlHandlerMapping  : Mapped [/swagger-ui*/*swagger-initializer.js] onto ResourceHttpRequestHandler [classpath [META-INF/resources/webjars/]]
2023-10-29T23:43:38.995+01:00 TRACE 27496 --- [           main] o.s.w.s.handler.SimpleUrlHandlerMapping  : Mapped [/swagger-ui*/**] onto ResourceHttpRequestHandler [classpath [META-INF/resources/webjars/]]
2023-10-29T23:43:38.995+01:00 DEBUG 27496 --- [           main] o.s.w.s.handler.SimpleUrlHandlerMapping  : Patterns [/webjars/**, /**, /swagger-ui*/*swagger-initializer.js, /swagger-ui*/**] in 'resourceHandlerMapping'
2023-10-29T23:43:39.005+01:00 DEBUG 27496 --- [           main] .m.m.a.ExceptionHandlerExceptionResolver : ControllerAdvice beans: 2 @ExceptionHandler, 1 ResponseBodyAdvice
2023-10-29T23:43:39.207+01:00  INFO 27496 --- [ad | producer-1] org.apache.kafka.clients.NetworkClient   : [Producer clientId=producer-1] Node -1 disconnected.
2023-10-29T23:43:39.208+01:00  WARN 27496 --- [ad | producer-1] org.apache.kafka.clients.NetworkClient   : [Producer clientId=producer-1] Connection to node -1 (localhost/127.0.0.1:9092) could not be established. Broker may not be available.
2023-10-29T23:43:39.208+01:00  WARN 27496 --- [ad | producer-1] org.apache.kafka.clients.NetworkClient   : [Producer clientId=producer-1] Bootstrap broker localhost:9092 (id: -1 rack: null) disconnected
2023-10-29T23:43:39.318+01:00 TRACE 27496 --- [           main] o.s.w.c.s.GenericWebApplicationContext   : Using LifecycleProcessor [org.springframework.context.support.DefaultLifecycleProcessor@43e869ea]
2023-10-29T23:43:39.329+01:00  INFO 27496 --- [           main] c.h.carrace.RaceCarApplicationTests      : Started RaceCarApplicationTests in 5.531 seconds (process running for 11.99)
]]></system-out>
  </testcase>
</testsuite>